2025-04-08 16:23:43,926 - DEBUG - Imported WebCrawler from: crawler.crawler
2025-04-08 16:23:43,928 - ERROR - Argument parsing failed: 2
2025-04-08 16:25:10,116 - DEBUG - Imported WebCrawler from: crawler.crawler
2025-04-08 16:25:10,118 - ERROR - Argument parsing failed: 2
2025-04-08 16:25:53,442 - DEBUG - Imported WebCrawler from: crawler.crawler
2025-04-08 16:25:53,444 - ERROR - Argument parsing failed: 2
2025-04-08 16:26:01,852 - DEBUG - Imported WebCrawler from: crawler.crawler
2025-04-08 16:26:01,853 - INFO - Initializing WebCrawler...
2025-04-08 16:26:01,853 - INFO - Initializing WebCrawler with base_url: http://www.itsecgames.com/, max_depth: 3, delay: 1
2025-04-08 16:26:01,861 - INFO - Initializing the WebDriver...
2025-04-08 16:26:01,862 - DEBUG - Skipping Selenium Manager; path to chrome driver specified in Service class: /usr/local/bin/chromedriver
2025-04-08 16:26:01,866 - DEBUG - Started executable: `/usr/local/bin/chromedriver` in a child process with pid: 147205 using 0 to output -3
2025-04-08 16:26:01,942 - DEBUG - POST http://localhost:60583/session {'capabilities': {'firstMatch': [{}], 'alwaysMatch': {'browserName': 'chrome', 'pageLoadStrategy': <PageLoadStrategy.normal: 'normal'>, 'goog:chromeOptions': {'extensions': [], 'args': ['--disable-blink-features=AutomationControlled', '--disable-extensions', '--disable-popup-blocking', '--disable-infobars', '--start-maximized', '--no-sandbox', '--disable-dev-shm-usage', '--headless', '--disable-gpu', '--user-agent=Mozilla/5.0 (Windows NT 10.0; Win64; x64; rv:89.0) Gecko/20100101 Firefox/89.0']}}}}
2025-04-08 16:26:01,945 - DEBUG - Starting new HTTP connection (1): localhost:60583
2025-04-08 16:26:03,025 - DEBUG - http://localhost:60583 "POST /session HTTP/11" 200 0
2025-04-08 16:26:03,026 - DEBUG - Remote response: status=200 | data={"value":{"capabilities":{"acceptInsecureCerts":false,"browserName":"chrome","browserVersion":"134.0.6998.88","chrome":{"chromedriverVersion":"134.0.6998.88 (7e3d5c978c6d3a6eda25692cfac7f893a2b20dd0-refs/branch-heads/6998@{#1898})","userDataDir":"/tmp/.org.chromium.Chromium.nkvp09"},"fedcm:accounts":true,"goog:chromeOptions":{"debuggerAddress":"localhost:44147"},"networkConnectionEnabled":false,"pageLoadStrategy":"normal","platformName":"linux","proxy":{},"setWindowRect":true,"strictFileInteractability":false,"timeouts":{"implicit":0,"pageLoad":300000,"script":30000},"unhandledPromptBehavior":"dismiss and notify","webauthn:extension:credBlob":true,"webauthn:extension:largeBlob":true,"webauthn:extension:minPinLength":true,"webauthn:extension:prf":true,"webauthn:virtualAuthenticators":true},"sessionId":"21b7007dbb563011f0085e8cfb5d7675"}} | headers=HTTPHeaderDict({'Content-Length': '848', 'Content-Type': 'application/json; charset=utf-8', 'cache-control': 'no-cache'})
2025-04-08 16:26:03,026 - DEBUG - Finished Request
2025-04-08 16:26:03,028 - DEBUG - POST http://localhost:60583/session/21b7007dbb563011f0085e8cfb5d7675/goog/cdp/execute {'cmd': 'Page.addScriptToEvaluateOnNewDocument', 'params': {'source': '(// https://github.com/berstend/puppeteer-extra/blob/c44c8bb0224c6bba2554017bfb9d7a1d0119f92f/packag...'}}
2025-04-08 16:26:03,045 - DEBUG - http://localhost:60583 "POST /session/21b7007dbb563011f0085e8cfb5d7675/goog/cdp/execute HTTP/11" 200 0
2025-04-08 16:26:03,045 - DEBUG - Remote response: status=200 | data={"value":{"identifier":"2"}} | headers=HTTPHeaderDict({'Content-Length': '28', 'Content-Type': 'application/json; charset=utf-8', 'cache-control': 'no-cache'})
2025-04-08 16:26:03,045 - DEBUG - Finished Request
2025-04-08 16:26:03,047 - DEBUG - POST http://localhost:60583/session/21b7007dbb563011f0085e8cfb5d7675/goog/cdp/execute {'cmd': 'Page.addScriptToEvaluateOnNewDocument', 'params': {'source': '(// https://github.com/berstend/puppeteer-extra/blob/c44c8bb0224c6bba2554017bfb9d7a1d0119f92f/packag...'}}
2025-04-08 16:26:03,054 - DEBUG - http://localhost:60583 "POST /session/21b7007dbb563011f0085e8cfb5d7675/goog/cdp/execute HTTP/11" 200 0
2025-04-08 16:26:03,055 - DEBUG - Remote response: status=200 | data={"value":{"identifier":"3"}} | headers=HTTPHeaderDict({'Content-Length': '28', 'Content-Type': 'application/json; charset=utf-8', 'cache-control': 'no-cache'})
2025-04-08 16:26:03,055 - DEBUG - Finished Request
2025-04-08 16:26:03,057 - DEBUG - POST http://localhost:60583/session/21b7007dbb563011f0085e8cfb5d7675/goog/cdp/execute {'cmd': 'Page.addScriptToEvaluateOnNewDocument', 'params': {'source': '(// https://github.com/berstend/puppeteer-extra/blob/c44c8bb0224c6bba2554017bfb9d7a1d0119f92f/packag...'}}
2025-04-08 16:26:03,066 - DEBUG - http://localhost:60583 "POST /session/21b7007dbb563011f0085e8cfb5d7675/goog/cdp/execute HTTP/11" 200 0
2025-04-08 16:26:03,066 - DEBUG - Remote response: status=200 | data={"value":{"identifier":"4"}} | headers=HTTPHeaderDict({'Content-Length': '28', 'Content-Type': 'application/json; charset=utf-8', 'cache-control': 'no-cache'})
2025-04-08 16:26:03,066 - DEBUG - Finished Request
2025-04-08 16:26:03,067 - DEBUG - POST http://localhost:60583/session/21b7007dbb563011f0085e8cfb5d7675/goog/cdp/execute {'cmd': 'Page.addScriptToEvaluateOnNewDocument', 'params': {'source': '(// https://github.com/berstend/puppeteer-extra/blob/c44c8bb0224c6bba2554017bfb9d7a1d0119f92f/packag...'}}
2025-04-08 16:26:03,071 - DEBUG - http://localhost:60583 "POST /session/21b7007dbb563011f0085e8cfb5d7675/goog/cdp/execute HTTP/11" 200 0
2025-04-08 16:26:03,071 - DEBUG - Remote response: status=200 | data={"value":{"identifier":"5"}} | headers=HTTPHeaderDict({'Content-Length': '28', 'Content-Type': 'application/json; charset=utf-8', 'cache-control': 'no-cache'})
2025-04-08 16:26:03,071 - DEBUG - Finished Request
2025-04-08 16:26:03,072 - DEBUG - POST http://localhost:60583/session/21b7007dbb563011f0085e8cfb5d7675/goog/cdp/execute {'cmd': 'Page.addScriptToEvaluateOnNewDocument', 'params': {'source': '(// https://github.com/berstend/puppeteer-extra/blob/c44c8bb0224c6bba2554017bfb9d7a1d0119f92f/packag...'}}
2025-04-08 16:26:03,076 - DEBUG - http://localhost:60583 "POST /session/21b7007dbb563011f0085e8cfb5d7675/goog/cdp/execute HTTP/11" 200 0
2025-04-08 16:26:03,076 - DEBUG - Remote response: status=200 | data={"value":{"identifier":"6"}} | headers=HTTPHeaderDict({'Content-Length': '28', 'Content-Type': 'application/json; charset=utf-8', 'cache-control': 'no-cache'})
2025-04-08 16:26:03,076 - DEBUG - Finished Request
2025-04-08 16:26:03,077 - DEBUG - POST http://localhost:60583/session/21b7007dbb563011f0085e8cfb5d7675/goog/cdp/execute {'cmd': 'Page.addScriptToEvaluateOnNewDocument', 'params': {'source': '(// https://github.com/berstend/puppeteer-extra/blob/c44c8bb0224c6bba2554017bfb9d7a1d0119f92f/packag...'}}
2025-04-08 16:26:03,084 - DEBUG - http://localhost:60583 "POST /session/21b7007dbb563011f0085e8cfb5d7675/goog/cdp/execute HTTP/11" 200 0
2025-04-08 16:26:03,085 - DEBUG - Remote response: status=200 | data={"value":{"identifier":"7"}} | headers=HTTPHeaderDict({'Content-Length': '28', 'Content-Type': 'application/json; charset=utf-8', 'cache-control': 'no-cache'})
2025-04-08 16:26:03,085 - DEBUG - Finished Request
2025-04-08 16:26:03,086 - DEBUG - POST http://localhost:60583/session/21b7007dbb563011f0085e8cfb5d7675/goog/cdp/execute {'cmd': 'Page.addScriptToEvaluateOnNewDocument', 'params': {'source': '(// https://github.com/berstend/puppeteer-extra/blob/c44c8bb0224c6bba2554017bfb9d7a1d0119f92f/packag...'}}
2025-04-08 16:26:03,091 - DEBUG - http://localhost:60583 "POST /session/21b7007dbb563011f0085e8cfb5d7675/goog/cdp/execute HTTP/11" 200 0
2025-04-08 16:26:03,091 - DEBUG - Remote response: status=200 | data={"value":{"identifier":"8"}} | headers=HTTPHeaderDict({'Content-Length': '28', 'Content-Type': 'application/json; charset=utf-8', 'cache-control': 'no-cache'})
2025-04-08 16:26:03,092 - DEBUG - Finished Request
2025-04-08 16:26:03,093 - DEBUG - POST http://localhost:60583/session/21b7007dbb563011f0085e8cfb5d7675/goog/cdp/execute {'cmd': 'Page.addScriptToEvaluateOnNewDocument', 'params': {'source': '(// https://github.com/berstend/puppeteer-extra/tree/c44c8bb0224c6bba2554017bfb9d7a1d0119f92f/packag...'}}
2025-04-08 16:26:03,099 - DEBUG - http://localhost:60583 "POST /session/21b7007dbb563011f0085e8cfb5d7675/goog/cdp/execute HTTP/11" 200 0
2025-04-08 16:26:03,099 - DEBUG - Remote response: status=200 | data={"value":{"identifier":"9"}} | headers=HTTPHeaderDict({'Content-Length': '28', 'Content-Type': 'application/json; charset=utf-8', 'cache-control': 'no-cache'})
2025-04-08 16:26:03,100 - DEBUG - Finished Request
2025-04-08 16:26:03,101 - DEBUG - POST http://localhost:60583/session/21b7007dbb563011f0085e8cfb5d7675/goog/cdp/execute {'cmd': 'Page.addScriptToEvaluateOnNewDocument', 'params': {'source': '(// https://github.com/berstend/puppeteer-extra/blob/c44c8bb0224c6bba2554017bfb9d7a1d0119f92f/packag...'}}
2025-04-08 16:26:03,105 - DEBUG - http://localhost:60583 "POST /session/21b7007dbb563011f0085e8cfb5d7675/goog/cdp/execute HTTP/11" 200 0
2025-04-08 16:26:03,106 - DEBUG - Remote response: status=200 | data={"value":{"identifier":"10"}} | headers=HTTPHeaderDict({'Content-Length': '29', 'Content-Type': 'application/json; charset=utf-8', 'cache-control': 'no-cache'})
2025-04-08 16:26:03,107 - DEBUG - Finished Request
2025-04-08 16:26:03,108 - DEBUG - POST http://localhost:60583/session/21b7007dbb563011f0085e8cfb5d7675/goog/cdp/execute {'cmd': 'Page.addScriptToEvaluateOnNewDocument', 'params': {'source': '(// https://github.com/berstend/puppeteer-extra/blob/c44c8bb0224c6bba2554017bfb9d7a1d0119f92f/packag...'}}
2025-04-08 16:26:03,112 - DEBUG - http://localhost:60583 "POST /session/21b7007dbb563011f0085e8cfb5d7675/goog/cdp/execute HTTP/11" 200 0
2025-04-08 16:26:03,113 - DEBUG - Remote response: status=200 | data={"value":{"identifier":"11"}} | headers=HTTPHeaderDict({'Content-Length': '29', 'Content-Type': 'application/json; charset=utf-8', 'cache-control': 'no-cache'})
2025-04-08 16:26:03,113 - DEBUG - Finished Request
2025-04-08 16:26:03,113 - DEBUG - POST http://localhost:60583/session/21b7007dbb563011f0085e8cfb5d7675/goog/cdp/execute {'cmd': 'Browser.getVersion', 'params': {}}
2025-04-08 16:26:03,117 - DEBUG - http://localhost:60583 "POST /session/21b7007dbb563011f0085e8cfb5d7675/goog/cdp/execute HTTP/11" 200 0
2025-04-08 16:26:03,118 - DEBUG - Remote response: status=200 | data={"value":{"jsVersion":"13.4.114.19","product":"Chrome/134.0.6998.88","protocolVersion":"1.3","revision":"@7e3d5c978c6d3a6eda25692cfac7f893a2b20dd0","userAgent":"Mozilla/5.0 (Windows NT 10.0; Win64; x64; rv:89.0) Gecko/20100101 Firefox/89.0"}} | headers=HTTPHeaderDict({'Content-Length': '242', 'Content-Type': 'application/json; charset=utf-8', 'cache-control': 'no-cache'})
2025-04-08 16:26:03,118 - DEBUG - Finished Request
2025-04-08 16:26:03,118 - DEBUG - POST http://localhost:60583/session/21b7007dbb563011f0085e8cfb5d7675/goog/cdp/execute {'cmd': 'Network.setUserAgentOverride', 'params': {'userAgent': 'Mozilla/5.0 (Windows NT 10.0; Win64; x64; rv:89.0) Gecko/20100101 Firefox/89.0', 'acceptLanguage': 'en-US,en', 'platform': 'Win32'}}
2025-04-08 16:26:03,126 - DEBUG - http://localhost:60583 "POST /session/21b7007dbb563011f0085e8cfb5d7675/goog/cdp/execute HTTP/11" 200 0
2025-04-08 16:26:03,126 - DEBUG - Remote response: status=200 | data={"value":{}} | headers=HTTPHeaderDict({'Content-Length': '12', 'Content-Type': 'application/json; charset=utf-8', 'cache-control': 'no-cache'})
2025-04-08 16:26:03,126 - DEBUG - Finished Request
2025-04-08 16:26:03,127 - DEBUG - POST http://localhost:60583/session/21b7007dbb563011f0085e8cfb5d7675/goog/cdp/execute {'cmd': 'Page.addScriptToEvaluateOnNewDocument', 'params': {'source': '(// https://github.com/berstend/puppeteer-extra/blob/c44c8bb0224c6bba2554017bfb9d7a1d0119f92f/packag...'}}
2025-04-08 16:26:03,134 - DEBUG - http://localhost:60583 "POST /session/21b7007dbb563011f0085e8cfb5d7675/goog/cdp/execute HTTP/11" 200 0
2025-04-08 16:26:03,134 - DEBUG - Remote response: status=200 | data={"value":{"identifier":"12"}} | headers=HTTPHeaderDict({'Content-Length': '29', 'Content-Type': 'application/json; charset=utf-8', 'cache-control': 'no-cache'})
2025-04-08 16:26:03,134 - DEBUG - Finished Request
2025-04-08 16:26:03,135 - DEBUG - POST http://localhost:60583/session/21b7007dbb563011f0085e8cfb5d7675/goog/cdp/execute {'cmd': 'Page.addScriptToEvaluateOnNewDocument', 'params': {'source': '(// https://github.com/berstend/puppeteer-extra/blob/c44c8bb0224c6bba2554017bfb9d7a1d0119f92f/packag...'}}
2025-04-08 16:26:03,140 - DEBUG - http://localhost:60583 "POST /session/21b7007dbb563011f0085e8cfb5d7675/goog/cdp/execute HTTP/11" 200 0
2025-04-08 16:26:03,140 - DEBUG - Remote response: status=200 | data={"value":{"identifier":"13"}} | headers=HTTPHeaderDict({'Content-Length': '29', 'Content-Type': 'application/json; charset=utf-8', 'cache-control': 'no-cache'})
2025-04-08 16:26:03,140 - DEBUG - Finished Request
2025-04-08 16:26:03,141 - DEBUG - POST http://localhost:60583/session/21b7007dbb563011f0085e8cfb5d7675/goog/cdp/execute {'cmd': 'Page.addScriptToEvaluateOnNewDocument', 'params': {'source': '(()=>{\n\t// store the existing descriptor\n\tconst elementDescriptor = Object.getOwnPropertyDescriptor(...'}}
2025-04-08 16:26:03,144 - DEBUG - http://localhost:60583 "POST /session/21b7007dbb563011f0085e8cfb5d7675/goog/cdp/execute HTTP/11" 200 0
2025-04-08 16:26:03,144 - DEBUG - Remote response: status=200 | data={"value":{"identifier":"14"}} | headers=HTTPHeaderDict({'Content-Length': '29', 'Content-Type': 'application/json; charset=utf-8', 'cache-control': 'no-cache'})
2025-04-08 16:26:03,144 - DEBUG - Finished Request
2025-04-08 16:26:03,144 - INFO - Selenium WebDriver initialized successfully.
2025-04-08 16:26:03,145 - INFO - WebCrawler initialized successfully.
2025-04-08 16:26:03,146 - INFO - Starting crawl on: http://www.itsecgames.com/
2025-04-08 16:26:03,146 - INFO - Crawler initialized. Starting crawl...
2025-04-08 16:26:03,146 - INFO - Crawling: http://www.itsecgames.com/
2025-04-08 16:26:03,146 - DEBUG - Attempting to fetch page: http://www.itsecgames.com/, Attempt: 1
2025-04-08 16:26:03,146 - INFO - Navigating to: http://www.itsecgames.com/
2025-04-08 16:26:03,146 - DEBUG - POST http://localhost:60583/session/21b7007dbb563011f0085e8cfb5d7675/url {'url': 'http://www.itsecgames.com/'}
2025-04-08 16:26:05,830 - DEBUG - http://localhost:60583 "POST /session/21b7007dbb563011f0085e8cfb5d7675/url HTTP/11" 200 0
2025-04-08 16:26:05,830 - DEBUG - Remote response: status=200 | data={"value":null} | headers=HTTPHeaderDict({'Content-Length': '14', 'Content-Type': 'application/json; charset=utf-8', 'cache-control': 'no-cache'})
2025-04-08 16:26:05,830 - DEBUG - Finished Request
2025-04-08 16:26:05,831 - DEBUG - POST http://localhost:60583/session/21b7007dbb563011f0085e8cfb5d7675/element {'using': 'tag name', 'value': 'body'}
2025-04-08 16:26:05,869 - DEBUG - http://localhost:60583 "POST /session/21b7007dbb563011f0085e8cfb5d7675/element HTTP/11" 200 0
2025-04-08 16:26:05,869 - DEBUG - Remote response: status=200 | data={"value":{"element-6066-11e4-a52e-4f735466cecf":"f.1B8144C74078DBC1C90BDBFA6E6EF8F5.d.0A7B80833D4F6C04C778E40BEB21B34F.e.19"}} | headers=HTTPHeaderDict({'Content-Length': '126', 'Content-Type': 'application/json; charset=utf-8', 'cache-control': 'no-cache'})
2025-04-08 16:26:05,869 - DEBUG - Finished Request
2025-04-08 16:26:05,870 - INFO - Response time for http://www.itsecgames.com/: 2.72 seconds
2025-04-08 16:26:05,870 - INFO - Page loaded: http://www.itsecgames.com/
2025-04-08 16:26:05,870 - DEBUG - GET http://localhost:60583/session/21b7007dbb563011f0085e8cfb5d7675/source {}
2025-04-08 16:26:05,874 - DEBUG - http://localhost:60583 "GET /session/21b7007dbb563011f0085e8cfb5d7675/source HTTP/11" 200 0
2025-04-08 16:26:05,874 - DEBUG - Remote response: status=200 | data={"value":"\u003Chtml>\u003Chead>\n\n\u003Cmeta http-equiv=\"Content-Type\" content=\"text/html; charset=UTF-8\">\n\n\u003Clink rel=\"stylesheet\" type=\"text/css\" href=\"https://fonts.googleapis.com/css?family=Architects+Daughter\">\n\u003Clink rel=\"stylesheet\" type=\"text/css\" href=\"stylesheets/stylesheet.css\" media=\"screen\">\n\u003Clink rel=\"shortcut icon\" href=\"images/favicon.ico\" type=\"image/x-icon\">\n\n\u003C!--\u003Cscript src=\"//html5shiv.googlecode.com/svn/trunk/html5.js\">\u003C/script>-->\n\u003Cscript src=\"js/html5.js\">\u003C/script>\n\n\u003Ctitle>bWAPP, a buggy web application!\u003C/title>\n\n\u003C/head>\n\n\u003Cbody>\n\n\u003Cheader>\n\n\u003Ch1>bWAPP\u003C/h1>\n\n\u003Ch2>an extremely buggy web app !\u003C/h2>\n\n\u003C/header>\n\n\u003Cdiv id=\"menu\">\n\n    \u003Ctable>\n\n        \u003Ctbody>\u003Ctr>   \n\n            \u003Ctd>\u003Cfont color=\"#ffb717\">Home\u003C/font>\u003C/td>\n            \u003Ctd>\u003Ca href=\"bugs.htm\">Bugs\u003C/a>\u003C/td>\n            \u003Ctd>\u003Ca href=\"download.htm\">Download\u003C/a>\u003C/td>\n            \u003Ctd>\u003Ca href=\"training.htm\">Talks &amp; Training\u003C/a>\u003C/td>\n            \u003Ctd>\u003Ca href=\"http://itsecgames.blogspot.com\" target=\"_blank\">Blog\u003C/a>\u003C/td>\n\n        \u003C/tr>\n\n    \u003C/tbody>\u003C/table>\n\n\u003C/div>\n\n\u003Cdiv id=\"main\">\n\n    \u003Ch1>Home\u003C/h1>\n\n    \u003Cp>bWAPP, or a \u003Ci>buggy web application\u003C/i>, is a free and open source deliberately insecure web application.\u003Cbr>\n    It helps security enthusiasts, developers and students to discover and to prevent web vulnerabilities.\u003Cbr>\n    bWAPP prepares one to conduct successful penetration testing and ethical hacking projects.\u003C/p>\n\t\n    \u003Cp>What makes bWAPP so unique? Well, it has over \u003Ca href=\"./downloads/vulnerabilities.txt\" target=\"blank\">100 web vulnerabilities\u003C/a>!\u003Cbr>\n    It covers all major known web bugs, including all risks from the OWASP Top 10 project.\u003C/p>\n\n    \u003Cp>bWAPP is a PHP application that uses a MySQL database. It can be hosted on Linux/Windows with Apache/IIS and MySQL.\n    It can also be installed with WAMP or XAMPP.\u003Cbr>\n    Another possibility is to download the \u003Ci>bee-box\u003C/i>, a custom Linux VM pre-installed with bWAPP.\u003C/p>\n\t\n    \u003Cp>Download our \u003Ca href=\"./downloads/bWAPP_intro.pdf\" target=\"_blank\">What is bWAPP?\u003C/a> introduction tutorial, including free exercises...\u003C/p>\n\t\n\t\u003Cp>bWAPP is for web application security-testing and educational purposes only.\u003Cbr>\n\tHave fun with this free and open source project!\u003C/p>\n \n    \u003Cp>Cheers, Malik Mesellem\u003C/p>\n\n\u003C/div>\n\n\u003Cdiv id=\"sponsor\">\n\n    \u003Ctable>\n\n        \u003Ctbody>\u003Ctr>\n\t\t\t\u003Ctd align=\"center\">\u003Ca href=\"https://www.mmesec.com\" target=\"_blank\">\u003Cimg src=\"./images/mme.png\">\u003C/a>&nbsp;\u003C/td>\n\t\t\t\u003Ctd>&nbsp;&nbsp;&nbsp;&nbsp;\u003C/td>\n            \u003Ctd align=\"center\">\u003Ca href=\"https://www.owasp.org\" target=\"_blank\">\u003Cimg src=\"./images/owasp.png\">\u003C/a>\u003C/td>\n\n        \u003C/tr>\n\n    \u003C/tbody>\u003C/table>\n\n\u003C/div>\n\n\u003Cdiv id=\"side\">\n\n    \u003Ca href=\"https://twitter.com/MME_IT\" target=\"blank_\" class=\"button\">\u003Cimg src=\"./images/twitter.png\">\u003C/a>\n    \u003Ca href=\"https://be.linkedin.com/in/malikmesellem\" target=\"blank_\" class=\"button\">\u003Cimg src=\"./images/linkedin.png\">\u003C/a>\n    \u003Ca href=\"https://www.facebook.com/mmebv/\" target=\"blank_\" class=\"button\">\u003Cimg src=\"./images/facebook.png\">\u003C/a>\n    \u003Ca href=\"https://itsecgames.blogspot.com\" target=\"blank_\" class=\"button\">\u003Cimg src=\"./images/blogger.png\">\u003C/a>\n\n\u003C/div>\n\n\u003Cdiv id=\"disclaimer\">\n\n    \u003Cp>bWAPP is licensed under \u003Ca rel=\"license\" href=\"http://creativecommons.org/licenses/by-nc-nd/4.0/\" target=\"_blank\">\u003Cimg style=\"vertical-align:middle\" src=\"./images/cc.png\">\u003C/a> © 2022 MME BV / Follow \u003Ca href=\"https://twitter.com/MME_IT\" target=\"_blank\">@MME_IT\u003C/a> on Twitter and ask for our cheat sheet, containing all solutions! / Need an exclusive \u003Ca href=\"https://www.mmesec.com/training\" target=\"blank_\">training\u003C/a>?\u003C/p>\n\n\u003C/div>\n\n\u003Cdiv id=\"bee\">\n\n    \u003Cimg src=\"./images/bee_1.png\">\n\n\u003C/div>\n\n\n\n\u003C/body>\u003C/html>"} | headers=HTTPHeaderDict({'Content-Length': '4545', 'Content-Type': 'application/json; charset=utf-8', 'cache-control': 'no-cache'})
2025-04-08 16:26:05,874 - DEBUG - Finished Request
2025-04-08 16:26:05,877 - DEBUG - Valid link extracted: http://www.itsecgames.com/bugs.htm
2025-04-08 16:26:05,877 - DEBUG - Valid link extracted: http://www.itsecgames.com/download.htm
2025-04-08 16:26:05,877 - DEBUG - Valid link extracted: http://www.itsecgames.com/training.htm
2025-04-08 16:26:05,877 - DEBUG - Valid link extracted: http://itsecgames.blogspot.com
2025-04-08 16:26:05,877 - DEBUG - Valid link extracted: http://www.itsecgames.com/downloads/vulnerabilities.txt
2025-04-08 16:26:05,877 - DEBUG - Valid link extracted: http://www.itsecgames.com/downloads/bWAPP_intro.pdf
2025-04-08 16:26:05,877 - DEBUG - Valid link extracted: https://www.mmesec.com
2025-04-08 16:26:05,877 - DEBUG - Processing database operation: save_url
2025-04-08 16:26:05,877 - DEBUG - Valid link extracted: https://www.owasp.org
2025-04-08 16:26:05,878 - DEBUG - Valid link extracted: https://twitter.com/MME_IT
2025-04-08 16:26:05,878 - DEBUG - Valid link extracted: https://be.linkedin.com/in/malikmesellem
2025-04-08 16:26:05,878 - DEBUG - Valid link extracted: https://www.facebook.com/mmebv/
2025-04-08 16:26:05,878 - DEBUG - Valid link extracted: https://itsecgames.blogspot.com
2025-04-08 16:26:05,878 - DEBUG - Valid link extracted: http://creativecommons.org/licenses/by-nc-nd/4.0/
2025-04-08 16:26:05,878 - DEBUG - Valid link extracted: https://twitter.com/MME_IT
2025-04-08 16:26:05,878 - DEBUG - Valid link extracted: https://www.mmesec.com/training
2025-04-08 16:26:05,878 - INFO - Found 14 links at http://www.itsecgames.com/
2025-04-08 16:26:05,878 - INFO - Skipping disallowed domain: https://itsecgames.blogspot.com
2025-04-08 16:26:05,879 - INFO - Skipping disallowed domain: http://itsecgames.blogspot.com
2025-04-08 16:26:05,880 - INFO - Crawling: http://www.itsecgames.com/downloads/bWAPP_intro.pdf
2025-04-08 16:26:05,880 - INFO - Skipping disallowed domain: https://www.mmesec.com
2025-04-08 16:26:05,880 - DEBUG - Attempting to fetch page: http://www.itsecgames.com/downloads/bWAPP_intro.pdf, Attempt: 1
2025-04-08 16:26:05,881 - INFO - Crawling: http://www.itsecgames.com/training.htm
2025-04-08 16:26:05,881 - INFO - Navigating to: http://www.itsecgames.com/downloads/bWAPP_intro.pdf
2025-04-08 16:26:05,881 - DEBUG - Attempting to fetch page: http://www.itsecgames.com/training.htm, Attempt: 1
2025-04-08 16:26:05,882 - INFO - Navigating to: http://www.itsecgames.com/training.htm
2025-04-08 16:26:05,882 - DEBUG - POST http://localhost:60583/session/21b7007dbb563011f0085e8cfb5d7675/url {'url': 'http://www.itsecgames.com/downloads/bWAPP_intro.pdf'}
2025-04-08 16:26:05,882 - INFO - Crawling: http://www.itsecgames.com/bugs.htm
2025-04-08 16:26:05,882 - INFO - Skipping disallowed domain: https://twitter.com/MME_IT
2025-04-08 16:26:05,882 - DEBUG - POST http://localhost:60583/session/21b7007dbb563011f0085e8cfb5d7675/url {'url': 'http://www.itsecgames.com/training.htm'}
2025-04-08 16:26:05,883 - DEBUG - Attempting to fetch page: http://www.itsecgames.com/bugs.htm, Attempt: 1
2025-04-08 16:26:05,884 - INFO - Navigating to: http://www.itsecgames.com/bugs.htm
2025-04-08 16:26:05,884 - DEBUG - POST http://localhost:60583/session/21b7007dbb563011f0085e8cfb5d7675/url {'url': 'http://www.itsecgames.com/bugs.htm'}
2025-04-08 16:26:05,883 - INFO - Skipping disallowed domain: https://www.owasp.org
2025-04-08 16:26:05,884 - INFO - Skipping disallowed domain: https://www.facebook.com/mmebv/
2025-04-08 16:26:05,884 - DEBUG - Starting new HTTP connection (3): localhost:60583
2025-04-08 16:26:05,884 - DEBUG - Starting new HTTP connection (2): localhost:60583
2025-04-08 16:26:05,885 - INFO - Skipping disallowed domain: https://be.linkedin.com/in/malikmesellem
2025-04-08 16:26:05,887 - INFO - Skipping disallowed domain: http://creativecommons.org/licenses/by-nc-nd/4.0/
2025-04-08 16:26:05,887 - INFO - Skipping disallowed domain: https://www.mmesec.com/training
2025-04-08 16:26:05,886 - INFO - Crawling: http://www.itsecgames.com/download.htm
2025-04-08 16:26:05,889 - INFO - Crawling: http://www.itsecgames.com/downloads/vulnerabilities.txt
2025-04-08 16:26:05,891 - DEBUG - Attempting to fetch page: http://www.itsecgames.com/download.htm, Attempt: 1
2025-04-08 16:26:05,891 - DEBUG - Attempting to fetch page: http://www.itsecgames.com/downloads/vulnerabilities.txt, Attempt: 1
2025-04-08 16:26:05,892 - INFO - Navigating to: http://www.itsecgames.com/downloads/vulnerabilities.txt
2025-04-08 16:26:05,892 - DEBUG - POST http://localhost:60583/session/21b7007dbb563011f0085e8cfb5d7675/url {'url': 'http://www.itsecgames.com/downloads/vulnerabilities.txt'}
2025-04-08 16:26:05,892 - INFO - Navigating to: http://www.itsecgames.com/download.htm
2025-04-08 16:26:05,894 - DEBUG - POST http://localhost:60583/session/21b7007dbb563011f0085e8cfb5d7675/url {'url': 'http://www.itsecgames.com/download.htm'}
2025-04-08 16:26:05,893 - DEBUG - Starting new HTTP connection (4): localhost:60583
2025-04-08 16:26:05,894 - DEBUG - Starting new HTTP connection (5): localhost:60583
2025-04-08 16:26:06,034 - DEBUG - http://localhost:60583 "POST /session/21b7007dbb563011f0085e8cfb5d7675/url HTTP/11" 200 0
2025-04-08 16:26:06,034 - DEBUG - Remote response: status=200 | data={"value":null} | headers=HTTPHeaderDict({'Content-Length': '14', 'Content-Type': 'application/json; charset=utf-8', 'cache-control': 'no-cache'})
2025-04-08 16:26:06,035 - DEBUG - Finished Request
2025-04-08 16:26:06,035 - DEBUG - POST http://localhost:60583/session/21b7007dbb563011f0085e8cfb5d7675/element {'using': 'tag name', 'value': 'body'}
2025-04-08 16:26:06,124 - DEBUG - http://localhost:60583 "POST /session/21b7007dbb563011f0085e8cfb5d7675/url HTTP/11" 200 0
2025-04-08 16:26:06,124 - DEBUG - Remote response: status=200 | data={"value":null} | headers=HTTPHeaderDict({'Content-Length': '14', 'Content-Type': 'application/json; charset=utf-8', 'cache-control': 'no-cache'})
2025-04-08 16:26:06,125 - DEBUG - Finished Request
2025-04-08 16:26:06,125 - DEBUG - POST http://localhost:60583/session/21b7007dbb563011f0085e8cfb5d7675/element {'using': 'tag name', 'value': 'body'}
2025-04-08 16:26:06,225 - DEBUG - http://localhost:60583 "POST /session/21b7007dbb563011f0085e8cfb5d7675/url HTTP/11" 200 0
2025-04-08 16:26:06,225 - DEBUG - Remote response: status=200 | data={"value":null} | headers=HTTPHeaderDict({'Content-Length': '14', 'Content-Type': 'application/json; charset=utf-8', 'cache-control': 'no-cache'})
2025-04-08 16:26:06,225 - DEBUG - Finished Request
2025-04-08 16:26:06,226 - DEBUG - POST http://localhost:60583/session/21b7007dbb563011f0085e8cfb5d7675/element {'using': 'tag name', 'value': 'body'}
2025-04-08 16:26:06,525 - DEBUG - http://localhost:60583 "POST /session/21b7007dbb563011f0085e8cfb5d7675/url HTTP/11" 200 0
2025-04-08 16:26:06,526 - DEBUG - Remote response: status=200 | data={"value":null} | headers=HTTPHeaderDict({'Content-Length': '14', 'Content-Type': 'application/json; charset=utf-8', 'cache-control': 'no-cache'})
2025-04-08 16:26:06,526 - DEBUG - Finished Request
2025-04-08 16:26:06,526 - DEBUG - POST http://localhost:60583/session/21b7007dbb563011f0085e8cfb5d7675/element {'using': 'tag name', 'value': 'body'}
2025-04-08 16:26:06,629 - DEBUG - http://localhost:60583 "POST /session/21b7007dbb563011f0085e8cfb5d7675/url HTTP/11" 200 0
2025-04-08 16:26:06,629 - DEBUG - Remote response: status=200 | data={"value":null} | headers=HTTPHeaderDict({'Content-Length': '14', 'Content-Type': 'application/json; charset=utf-8', 'cache-control': 'no-cache'})
2025-04-08 16:26:06,629 - DEBUG - Finished Request
2025-04-08 16:26:06,630 - DEBUG - POST http://localhost:60583/session/21b7007dbb563011f0085e8cfb5d7675/element {'using': 'tag name', 'value': 'body'}
2025-04-08 16:26:06,645 - DEBUG - http://localhost:60583 "POST /session/21b7007dbb563011f0085e8cfb5d7675/element HTTP/11" 200 0
2025-04-08 16:26:06,645 - DEBUG - Remote response: status=200 | data={"value":{"element-6066-11e4-a52e-4f735466cecf":"f.1B8144C74078DBC1C90BDBFA6E6EF8F5.d.5C062A713BD4842C6B4313EE7D94D7A1.e.88"}} | headers=HTTPHeaderDict({'Content-Length': '126', 'Content-Type': 'application/json; charset=utf-8', 'cache-control': 'no-cache'})
2025-04-08 16:26:06,645 - DEBUG - Finished Request
2025-04-08 16:26:06,645 - INFO - Response time for http://www.itsecgames.com/downloads/bWAPP_intro.pdf: 0.76 seconds
2025-04-08 16:26:06,645 - INFO - Page loaded: http://www.itsecgames.com/downloads/bWAPP_intro.pdf
2025-04-08 16:26:06,645 - DEBUG - GET http://localhost:60583/session/21b7007dbb563011f0085e8cfb5d7675/source {}
2025-04-08 16:26:06,658 - DEBUG - http://localhost:60583 "POST /session/21b7007dbb563011f0085e8cfb5d7675/element HTTP/11" 200 0
2025-04-08 16:26:06,659 - DEBUG - Remote response: status=200 | data={"value":{"element-6066-11e4-a52e-4f735466cecf":"f.1B8144C74078DBC1C90BDBFA6E6EF8F5.d.5C062A713BD4842C6B4313EE7D94D7A1.e.88"}} | headers=HTTPHeaderDict({'Content-Length': '126', 'Content-Type': 'application/json; charset=utf-8', 'cache-control': 'no-cache'})
2025-04-08 16:26:06,659 - DEBUG - Finished Request
2025-04-08 16:26:06,659 - INFO - Response time for http://www.itsecgames.com/bugs.htm: 0.78 seconds
2025-04-08 16:26:06,659 - INFO - Page loaded: http://www.itsecgames.com/bugs.htm
2025-04-08 16:26:06,660 - DEBUG - GET http://localhost:60583/session/21b7007dbb563011f0085e8cfb5d7675/source {}
2025-04-08 16:26:06,670 - DEBUG - http://localhost:60583 "POST /session/21b7007dbb563011f0085e8cfb5d7675/element HTTP/11" 200 0
2025-04-08 16:26:06,670 - DEBUG - Remote response: status=200 | data={"value":{"element-6066-11e4-a52e-4f735466cecf":"f.1B8144C74078DBC1C90BDBFA6E6EF8F5.d.5C062A713BD4842C6B4313EE7D94D7A1.e.88"}} | headers=HTTPHeaderDict({'Content-Length': '126', 'Content-Type': 'application/json; charset=utf-8', 'cache-control': 'no-cache'})
2025-04-08 16:26:06,670 - DEBUG - Finished Request
2025-04-08 16:26:06,670 - INFO - Response time for http://www.itsecgames.com/training.htm: 0.79 seconds
2025-04-08 16:26:06,670 - INFO - Page loaded: http://www.itsecgames.com/training.htm
2025-04-08 16:26:06,670 - DEBUG - GET http://localhost:60583/session/21b7007dbb563011f0085e8cfb5d7675/source {}
2025-04-08 16:26:06,678 - DEBUG - http://localhost:60583 "POST /session/21b7007dbb563011f0085e8cfb5d7675/element HTTP/11" 200 0
2025-04-08 16:26:06,678 - DEBUG - Remote response: status=200 | data={"value":{"element-6066-11e4-a52e-4f735466cecf":"f.1B8144C74078DBC1C90BDBFA6E6EF8F5.d.5C062A713BD4842C6B4313EE7D94D7A1.e.88"}} | headers=HTTPHeaderDict({'Content-Length': '126', 'Content-Type': 'application/json; charset=utf-8', 'cache-control': 'no-cache'})
2025-04-08 16:26:06,678 - DEBUG - Finished Request
2025-04-08 16:26:06,678 - INFO - Response time for http://www.itsecgames.com/download.htm: 0.78 seconds
2025-04-08 16:26:06,678 - INFO - Page loaded: http://www.itsecgames.com/download.htm
2025-04-08 16:26:06,678 - DEBUG - GET http://localhost:60583/session/21b7007dbb563011f0085e8cfb5d7675/source {}
2025-04-08 16:26:06,686 - DEBUG - http://localhost:60583 "POST /session/21b7007dbb563011f0085e8cfb5d7675/element HTTP/11" 200 0
2025-04-08 16:26:06,687 - DEBUG - Remote response: status=200 | data={"value":{"element-6066-11e4-a52e-4f735466cecf":"f.1B8144C74078DBC1C90BDBFA6E6EF8F5.d.5C062A713BD4842C6B4313EE7D94D7A1.e.88"}} | headers=HTTPHeaderDict({'Content-Length': '126', 'Content-Type': 'application/json; charset=utf-8', 'cache-control': 'no-cache'})
2025-04-08 16:26:06,687 - DEBUG - Finished Request
2025-04-08 16:26:06,687 - INFO - Response time for http://www.itsecgames.com/downloads/vulnerabilities.txt: 0.80 seconds
2025-04-08 16:26:06,687 - INFO - Page loaded: http://www.itsecgames.com/downloads/vulnerabilities.txt
2025-04-08 16:26:06,688 - DEBUG - GET http://localhost:60583/session/21b7007dbb563011f0085e8cfb5d7675/source {}
2025-04-08 16:26:06,693 - DEBUG - http://localhost:60583 "GET /session/21b7007dbb563011f0085e8cfb5d7675/source HTTP/11" 200 0
2025-04-08 16:26:06,693 - DEBUG - Remote response: status=200 | data={"value":"\u003Chtml>\u003Chead>\u003Cmeta name=\"color-scheme\" content=\"light dark\">\u003C/head>\u003Cbody>\u003Cpre style=\"word-wrap: break-word; white-space: pre-wrap;\">\n---------------------------------------------\nbWAPP &amp; bee-box - Overview of vulnerabilities\n---------------------------------------------\n\nAuthor\t\t\t\t: Malik Mesellem, @MME_IT\nDate\t\t\t\t: 2/11/2014\nbWAPP version\t\t\t: bWAPP v2.2\nbee-box version\t\t\t: bee-box v1.6\n\n--------------\nA1 - Injection\n--------------\nHTML Injection - Reflected (GET)\nHTML Injection - Reflected (POST)\nHTML Injection - Reflected (Current URL)\nHTML Injection - Stored (Blog)\niFrame Injection\nLDAP Injection (Search)\nMail Header Injection (SMTP)\nOS Command Injection\nOS Command Injection - Blind\nPHP Code Injection\nServer-Side Includes (SSI) Injection\nSQL Injection (GET/Search)\nSQL Injection (GET/Select)\nSQL Injection (POST/Search)\nSQL Injection (POST/Select)\nSQL Injection (AJAX/JSON/jQuery)\nSQL Injection (CAPTCHA)\nSQL Injection (Login Form/Hero)\nSQL Injection (Login Form/User)\nSQL Injection (SQLite)\nSQL Injection (Drupal)\nSQL Injection - Stored (Blog)\nSQL Injection - Stored (SQLite)\nSQL Injection - Stored (User-Agent)\nSQL Injection - Stored (XML)\nSQL Injection - Blind - Boolean-Based\nSQL Injection - Blind - Time-Based\nSQL Injection - Blind (SQLite)\nSQL Injection - Blind (Web Services/SOAP)\nXML/XPath Injection (Login Form)\nXML/XPath Injection (Search)\n\n-----------------------------------------------\nA2 - Broken Authentication &amp; Session Management\n-----------------------------------------------\nBroken Authentication - CAPTCHA Bypassing\nBroken Authentication - Forgotten Function\nBroken Authentication - Insecure Login Forms\nBroken Authentication - Logout Management\nBroken Authentication - Password Attacks\nBroken Authentication - Weak Passwords\nSession Management - Administrative Portals\nSession Management - Cookies (HTTPOnly)\nSession Management - Cookies (Secure)\nSession Management - Session ID in URL\nSession Management - Strong Sessions\n\n-------------------------------\nA3 - Cross-Site Scripting (XSS)\n-------------------------------\nCross-Site Scripting - Reflected (GET)\nCross-Site Scripting - Reflected (POST)\nCross-Site Scripting - Reflected (JSON)\nCross-Site Scripting - Reflected (AJAX/JSON)\nCross-Site Scripting - Reflected (AJAX/XML)\nCross-Site Scripting - Reflected (Back Button)\nCross-Site Scripting - Reflected (Custom Header)\nCross-Site Scripting - Reflected (Eval)\nCross-Site Scripting - Reflected (HREF)\nCross-Site Scripting - Reflected (Login Form)\nCross-Site Scripting - Reflected (phpMyAdmin)\nCross-Site Scripting - Reflected (PHP_SELF)\nCross-Site Scripting - Reflected (Referer)\nCross-Site Scripting - Reflected (User-Agent)\nCross-Site Scripting - Stored (Blog)\nCross-Site Scripting - Stored (Change Secret)\nCross-Site Scripting - Stored (Cookies)\nCross-Site Scripting - Stored (SQLiteManager)\nCross-Site Scripting - Stored (User-Agent)\n\n--------------------------------------\nA4 - Insecure Direct Object References\n--------------------------------------\nInsecure DOR (Change Secret)\nInsecure DOR (Reset Secret)\nInsecure DOR (Order Tickets)\n\n------------------------------\nA5 - Security Misconfiguration\n------------------------------\nArbitrary File Access (Samba)\nCross-Domain Policy File (Flash)\nCross-Origin Resource Sharing (AJAX)\nCross-Site Tracing (XST)\nDenial-of-Service (Large Chunk Size)\nDenial-of-Service (Slow HTTP DoS)\nDenial-of-Service (SSL-Exhaustion)\nDenial-of-Service (XML Bomb)\nInsecure DistCC Configuration\nInsecure FTP Configuration\nInsecure NTP Configuration\nInsecure SNMP Configuration\nInsecure VNC Configuration\nInsecure WebDAV Configuration\nLocal Privilege Escalation (sendpage)\nLocal Privilege Escalation (udev)\nMan-in-the-Middle Attack (HTTP)\nMan-in-the-Middle Attack (SMTP)\nOld/Backup &amp; Unreferenced Files\nRobots File (Disclosure)\n\n----------------------------\nA6 - Sensitive Data Exposure\n----------------------------\nBase64 Encoding (Secret)\nBEAST/CRIME/BREACH SSL Attacks\nClear Text HTTP (Credentials)\nHeartbleed Vulnerability\nHost Header Attack (Reset Poisoning)\nHTML5 Web Storage (Secret)\nPOODLE Vulnerability\nSSL 2.0 Deprecated Protocol\nText Files (Accounts)\n\n--------------------------------------------\nA7 - Missing Functional Level Access Control\n--------------------------------------------\nDirectory Traversal - Directories\nDirectory Traversal - Files\nHost Header Attack (Cache Poisoning)\nHost Header Attack (Reset Poisoning)\nLocal File Inclusion (SQLiteManager)\nRemote &amp; Local File Inclusion (RFI/LFI)\nRestrict Device Access\nRestrict Folder Access\nServer Side Request Forgery (SSRF)\nXML External Entity Attacks (XXE)\n\n--------------------------------------\nA8 - Cross-Site Request Forgery (CSRF)\n--------------------------------------\nCross-Site Request Forgery (Change Password)\nCross-Site Request Forgery (Change Secret)\nCross-Site Request Forgery (Transfer Amount)\n\n--------------------------------------\nA9 - Using Known Vulnerable Components\n--------------------------------------\nBuffer Overflow (Local)\nBuffer Overflow (Remote)\nDrupal SQL Injection (Drupageddon)\nHeartbleed Vulnerability\nPHP CGI Remote Code Execution\nPHP Eval Function\nphpMyAdmin BBCode Tag XSS\nShellshock Vulnerability\nSQLiteManager Local File Inclusion\nSQLiteManager PHP Code Injection\nSQLiteManager XSS\n\n--------------------------------------\nA10 - Unvalidated Redirects &amp; Forwards\n--------------------------------------\nUnvalidated Redirects &amp; Forwards (1)\nUnvalidated Redirects &amp; Forwards (2)\n\n----------\nOther bugs\n----------\nClickJacking (Movie Tickets)\nClient-Side Validation (Password)\nHTTP Parameter Pollution\nHTTP Response Splitting\nHTTP Verb Tampering\nInformation Disclosure - Favicon\nInformation Disclosure - Headers\nInformation Disclosure - PHP version\nInformation Disclosure - Robots File\nInsecure iFrame (Login Form)\nUnrestricted File Upload\n\n------\nExtras\n------\nA.I.M. - No-authentication Mode\nClient Access Policy File\nCross-Domain Policy File\nEvil 666 Fuzzing Page\nHidden Backdoor File\nManual Intervention Required!\nUnprotected Admin Portal\nWe Steal Secrets... (html)\nWe Steal Secrets... (plain)\nWSDL File (Web Services/SOAP)\n\u003C/pre>\u003C/body>\u003C/html>"} | headers=HTTPHeaderDict({'Content-Length': '6418', 'Content-Type': 'application/json; charset=utf-8', 'cache-control': 'no-cache'})
2025-04-08 16:26:06,694 - DEBUG - Finished Request
2025-04-08 16:26:06,694 - INFO - Found 0 links at http://www.itsecgames.com/downloads/bWAPP_intro.pdf
2025-04-08 16:26:06,694 - DEBUG - Processing database operation: save_url
2025-04-08 16:26:06,694 - INFO - Found 0 forms at http://www.itsecgames.com/downloads/bWAPP_intro.pdf
2025-04-08 16:26:06,697 - DEBUG - http://localhost:60583 "GET /session/21b7007dbb563011f0085e8cfb5d7675/source HTTP/11" 200 0
2025-04-08 16:26:06,697 - WARNING - Connection pool is full, discarding connection: localhost. Connection pool size: 1
2025-04-08 16:26:06,698 - DEBUG - Remote response: status=200 | data={"value":"\u003Chtml>\u003Chead>\u003Cmeta name=\"color-scheme\" content=\"light dark\">\u003C/head>\u003Cbody>\u003Cpre style=\"word-wrap: break-word; white-space: pre-wrap;\">\n---------------------------------------------\nbWAPP &amp; bee-box - Overview of vulnerabilities\n---------------------------------------------\n\nAuthor\t\t\t\t: Malik Mesellem, @MME_IT\nDate\t\t\t\t: 2/11/2014\nbWAPP version\t\t\t: bWAPP v2.2\nbee-box version\t\t\t: bee-box v1.6\n\n--------------\nA1 - Injection\n--------------\nHTML Injection - Reflected (GET)\nHTML Injection - Reflected (POST)\nHTML Injection - Reflected (Current URL)\nHTML Injection - Stored (Blog)\niFrame Injection\nLDAP Injection (Search)\nMail Header Injection (SMTP)\nOS Command Injection\nOS Command Injection - Blind\nPHP Code Injection\nServer-Side Includes (SSI) Injection\nSQL Injection (GET/Search)\nSQL Injection (GET/Select)\nSQL Injection (POST/Search)\nSQL Injection (POST/Select)\nSQL Injection (AJAX/JSON/jQuery)\nSQL Injection (CAPTCHA)\nSQL Injection (Login Form/Hero)\nSQL Injection (Login Form/User)\nSQL Injection (SQLite)\nSQL Injection (Drupal)\nSQL Injection - Stored (Blog)\nSQL Injection - Stored (SQLite)\nSQL Injection - Stored (User-Agent)\nSQL Injection - Stored (XML)\nSQL Injection - Blind - Boolean-Based\nSQL Injection - Blind - Time-Based\nSQL Injection - Blind (SQLite)\nSQL Injection - Blind (Web Services/SOAP)\nXML/XPath Injection (Login Form)\nXML/XPath Injection (Search)\n\n-----------------------------------------------\nA2 - Broken Authentication &amp; Session Management\n-----------------------------------------------\nBroken Authentication - CAPTCHA Bypassing\nBroken Authentication - Forgotten Function\nBroken Authentication - Insecure Login Forms\nBroken Authentication - Logout Management\nBroken Authentication - Password Attacks\nBroken Authentication - Weak Passwords\nSession Management - Administrative Portals\nSession Management - Cookies (HTTPOnly)\nSession Management - Cookies (Secure)\nSession Management - Session ID in URL\nSession Management - Strong Sessions\n\n-------------------------------\nA3 - Cross-Site Scripting (XSS)\n-------------------------------\nCross-Site Scripting - Reflected (GET)\nCross-Site Scripting - Reflected (POST)\nCross-Site Scripting - Reflected (JSON)\nCross-Site Scripting - Reflected (AJAX/JSON)\nCross-Site Scripting - Reflected (AJAX/XML)\nCross-Site Scripting - Reflected (Back Button)\nCross-Site Scripting - Reflected (Custom Header)\nCross-Site Scripting - Reflected (Eval)\nCross-Site Scripting - Reflected (HREF)\nCross-Site Scripting - Reflected (Login Form)\nCross-Site Scripting - Reflected (phpMyAdmin)\nCross-Site Scripting - Reflected (PHP_SELF)\nCross-Site Scripting - Reflected (Referer)\nCross-Site Scripting - Reflected (User-Agent)\nCross-Site Scripting - Stored (Blog)\nCross-Site Scripting - Stored (Change Secret)\nCross-Site Scripting - Stored (Cookies)\nCross-Site Scripting - Stored (SQLiteManager)\nCross-Site Scripting - Stored (User-Agent)\n\n--------------------------------------\nA4 - Insecure Direct Object References\n--------------------------------------\nInsecure DOR (Change Secret)\nInsecure DOR (Reset Secret)\nInsecure DOR (Order Tickets)\n\n------------------------------\nA5 - Security Misconfiguration\n------------------------------\nArbitrary File Access (Samba)\nCross-Domain Policy File (Flash)\nCross-Origin Resource Sharing (AJAX)\nCross-Site Tracing (XST)\nDenial-of-Service (Large Chunk Size)\nDenial-of-Service (Slow HTTP DoS)\nDenial-of-Service (SSL-Exhaustion)\nDenial-of-Service (XML Bomb)\nInsecure DistCC Configuration\nInsecure FTP Configuration\nInsecure NTP Configuration\nInsecure SNMP Configuration\nInsecure VNC Configuration\nInsecure WebDAV Configuration\nLocal Privilege Escalation (sendpage)\nLocal Privilege Escalation (udev)\nMan-in-the-Middle Attack (HTTP)\nMan-in-the-Middle Attack (SMTP)\nOld/Backup &amp; Unreferenced Files\nRobots File (Disclosure)\n\n----------------------------\nA6 - Sensitive Data Exposure\n----------------------------\nBase64 Encoding (Secret)\nBEAST/CRIME/BREACH SSL Attacks\nClear Text HTTP (Credentials)\nHeartbleed Vulnerability\nHost Header Attack (Reset Poisoning)\nHTML5 Web Storage (Secret)\nPOODLE Vulnerability\nSSL 2.0 Deprecated Protocol\nText Files (Accounts)\n\n--------------------------------------------\nA7 - Missing Functional Level Access Control\n--------------------------------------------\nDirectory Traversal - Directories\nDirectory Traversal - Files\nHost Header Attack (Cache Poisoning)\nHost Header Attack (Reset Poisoning)\nLocal File Inclusion (SQLiteManager)\nRemote &amp; Local File Inclusion (RFI/LFI)\nRestrict Device Access\nRestrict Folder Access\nServer Side Request Forgery (SSRF)\nXML External Entity Attacks (XXE)\n\n--------------------------------------\nA8 - Cross-Site Request Forgery (CSRF)\n--------------------------------------\nCross-Site Request Forgery (Change Password)\nCross-Site Request Forgery (Change Secret)\nCross-Site Request Forgery (Transfer Amount)\n\n--------------------------------------\nA9 - Using Known Vulnerable Components\n--------------------------------------\nBuffer Overflow (Local)\nBuffer Overflow (Remote)\nDrupal SQL Injection (Drupageddon)\nHeartbleed Vulnerability\nPHP CGI Remote Code Execution\nPHP Eval Function\nphpMyAdmin BBCode Tag XSS\nShellshock Vulnerability\nSQLiteManager Local File Inclusion\nSQLiteManager PHP Code Injection\nSQLiteManager XSS\n\n--------------------------------------\nA10 - Unvalidated Redirects &amp; Forwards\n--------------------------------------\nUnvalidated Redirects &amp; Forwards (1)\nUnvalidated Redirects &amp; Forwards (2)\n\n----------\nOther bugs\n----------\nClickJacking (Movie Tickets)\nClient-Side Validation (Password)\nHTTP Parameter Pollution\nHTTP Response Splitting\nHTTP Verb Tampering\nInformation Disclosure - Favicon\nInformation Disclosure - Headers\nInformation Disclosure - PHP version\nInformation Disclosure - Robots File\nInsecure iFrame (Login Form)\nUnrestricted File Upload\n\n------\nExtras\n------\nA.I.M. - No-authentication Mode\nClient Access Policy File\nCross-Domain Policy File\nEvil 666 Fuzzing Page\nHidden Backdoor File\nManual Intervention Required!\nUnprotected Admin Portal\nWe Steal Secrets... (html)\nWe Steal Secrets... (plain)\nWSDL File (Web Services/SOAP)\n\u003C/pre>\u003C/body>\u003C/html>"} | headers=HTTPHeaderDict({'Content-Length': '6418', 'Content-Type': 'application/json; charset=utf-8', 'cache-control': 'no-cache'})
2025-04-08 16:26:06,698 - DEBUG - Finished Request
2025-04-08 16:26:06,698 - INFO - Found 0 links at http://www.itsecgames.com/bugs.htm
2025-04-08 16:26:06,698 - DEBUG - Processing database operation: save_url
2025-04-08 16:26:06,698 - INFO - Found 0 forms at http://www.itsecgames.com/bugs.htm
2025-04-08 16:26:06,699 - DEBUG - http://localhost:60583 "GET /session/21b7007dbb563011f0085e8cfb5d7675/source HTTP/11" 200 0
2025-04-08 16:26:06,700 - WARNING - Connection pool is full, discarding connection: localhost. Connection pool size: 1
2025-04-08 16:26:06,700 - DEBUG - Remote response: status=200 | data={"value":"\u003Chtml>\u003Chead>\u003Cmeta name=\"color-scheme\" content=\"light dark\">\u003C/head>\u003Cbody>\u003Cpre style=\"word-wrap: break-word; white-space: pre-wrap;\">\n---------------------------------------------\nbWAPP &amp; bee-box - Overview of vulnerabilities\n---------------------------------------------\n\nAuthor\t\t\t\t: Malik Mesellem, @MME_IT\nDate\t\t\t\t: 2/11/2014\nbWAPP version\t\t\t: bWAPP v2.2\nbee-box version\t\t\t: bee-box v1.6\n\n--------------\nA1 - Injection\n--------------\nHTML Injection - Reflected (GET)\nHTML Injection - Reflected (POST)\nHTML Injection - Reflected (Current URL)\nHTML Injection - Stored (Blog)\niFrame Injection\nLDAP Injection (Search)\nMail Header Injection (SMTP)\nOS Command Injection\nOS Command Injection - Blind\nPHP Code Injection\nServer-Side Includes (SSI) Injection\nSQL Injection (GET/Search)\nSQL Injection (GET/Select)\nSQL Injection (POST/Search)\nSQL Injection (POST/Select)\nSQL Injection (AJAX/JSON/jQuery)\nSQL Injection (CAPTCHA)\nSQL Injection (Login Form/Hero)\nSQL Injection (Login Form/User)\nSQL Injection (SQLite)\nSQL Injection (Drupal)\nSQL Injection - Stored (Blog)\nSQL Injection - Stored (SQLite)\nSQL Injection - Stored (User-Agent)\nSQL Injection - Stored (XML)\nSQL Injection - Blind - Boolean-Based\nSQL Injection - Blind - Time-Based\nSQL Injection - Blind (SQLite)\nSQL Injection - Blind (Web Services/SOAP)\nXML/XPath Injection (Login Form)\nXML/XPath Injection (Search)\n\n-----------------------------------------------\nA2 - Broken Authentication &amp; Session Management\n-----------------------------------------------\nBroken Authentication - CAPTCHA Bypassing\nBroken Authentication - Forgotten Function\nBroken Authentication - Insecure Login Forms\nBroken Authentication - Logout Management\nBroken Authentication - Password Attacks\nBroken Authentication - Weak Passwords\nSession Management - Administrative Portals\nSession Management - Cookies (HTTPOnly)\nSession Management - Cookies (Secure)\nSession Management - Session ID in URL\nSession Management - Strong Sessions\n\n-------------------------------\nA3 - Cross-Site Scripting (XSS)\n-------------------------------\nCross-Site Scripting - Reflected (GET)\nCross-Site Scripting - Reflected (POST)\nCross-Site Scripting - Reflected (JSON)\nCross-Site Scripting - Reflected (AJAX/JSON)\nCross-Site Scripting - Reflected (AJAX/XML)\nCross-Site Scripting - Reflected (Back Button)\nCross-Site Scripting - Reflected (Custom Header)\nCross-Site Scripting - Reflected (Eval)\nCross-Site Scripting - Reflected (HREF)\nCross-Site Scripting - Reflected (Login Form)\nCross-Site Scripting - Reflected (phpMyAdmin)\nCross-Site Scripting - Reflected (PHP_SELF)\nCross-Site Scripting - Reflected (Referer)\nCross-Site Scripting - Reflected (User-Agent)\nCross-Site Scripting - Stored (Blog)\nCross-Site Scripting - Stored (Change Secret)\nCross-Site Scripting - Stored (Cookies)\nCross-Site Scripting - Stored (SQLiteManager)\nCross-Site Scripting - Stored (User-Agent)\n\n--------------------------------------\nA4 - Insecure Direct Object References\n--------------------------------------\nInsecure DOR (Change Secret)\nInsecure DOR (Reset Secret)\nInsecure DOR (Order Tickets)\n\n------------------------------\nA5 - Security Misconfiguration\n------------------------------\nArbitrary File Access (Samba)\nCross-Domain Policy File (Flash)\nCross-Origin Resource Sharing (AJAX)\nCross-Site Tracing (XST)\nDenial-of-Service (Large Chunk Size)\nDenial-of-Service (Slow HTTP DoS)\nDenial-of-Service (SSL-Exhaustion)\nDenial-of-Service (XML Bomb)\nInsecure DistCC Configuration\nInsecure FTP Configuration\nInsecure NTP Configuration\nInsecure SNMP Configuration\nInsecure VNC Configuration\nInsecure WebDAV Configuration\nLocal Privilege Escalation (sendpage)\nLocal Privilege Escalation (udev)\nMan-in-the-Middle Attack (HTTP)\nMan-in-the-Middle Attack (SMTP)\nOld/Backup &amp; Unreferenced Files\nRobots File (Disclosure)\n\n----------------------------\nA6 - Sensitive Data Exposure\n----------------------------\nBase64 Encoding (Secret)\nBEAST/CRIME/BREACH SSL Attacks\nClear Text HTTP (Credentials)\nHeartbleed Vulnerability\nHost Header Attack (Reset Poisoning)\nHTML5 Web Storage (Secret)\nPOODLE Vulnerability\nSSL 2.0 Deprecated Protocol\nText Files (Accounts)\n\n--------------------------------------------\nA7 - Missing Functional Level Access Control\n--------------------------------------------\nDirectory Traversal - Directories\nDirectory Traversal - Files\nHost Header Attack (Cache Poisoning)\nHost Header Attack (Reset Poisoning)\nLocal File Inclusion (SQLiteManager)\nRemote &amp; Local File Inclusion (RFI/LFI)\nRestrict Device Access\nRestrict Folder Access\nServer Side Request Forgery (SSRF)\nXML External Entity Attacks (XXE)\n\n--------------------------------------\nA8 - Cross-Site Request Forgery (CSRF)\n--------------------------------------\nCross-Site Request Forgery (Change Password)\nCross-Site Request Forgery (Change Secret)\nCross-Site Request Forgery (Transfer Amount)\n\n--------------------------------------\nA9 - Using Known Vulnerable Components\n--------------------------------------\nBuffer Overflow (Local)\nBuffer Overflow (Remote)\nDrupal SQL Injection (Drupageddon)\nHeartbleed Vulnerability\nPHP CGI Remote Code Execution\nPHP Eval Function\nphpMyAdmin BBCode Tag XSS\nShellshock Vulnerability\nSQLiteManager Local File Inclusion\nSQLiteManager PHP Code Injection\nSQLiteManager XSS\n\n--------------------------------------\nA10 - Unvalidated Redirects &amp; Forwards\n--------------------------------------\nUnvalidated Redirects &amp; Forwards (1)\nUnvalidated Redirects &amp; Forwards (2)\n\n----------\nOther bugs\n----------\nClickJacking (Movie Tickets)\nClient-Side Validation (Password)\nHTTP Parameter Pollution\nHTTP Response Splitting\nHTTP Verb Tampering\nInformation Disclosure - Favicon\nInformation Disclosure - Headers\nInformation Disclosure - PHP version\nInformation Disclosure - Robots File\nInsecure iFrame (Login Form)\nUnrestricted File Upload\n\n------\nExtras\n------\nA.I.M. - No-authentication Mode\nClient Access Policy File\nCross-Domain Policy File\nEvil 666 Fuzzing Page\nHidden Backdoor File\nManual Intervention Required!\nUnprotected Admin Portal\nWe Steal Secrets... (html)\nWe Steal Secrets... (plain)\nWSDL File (Web Services/SOAP)\n\u003C/pre>\u003C/body>\u003C/html>"} | headers=HTTPHeaderDict({'Content-Length': '6418', 'Content-Type': 'application/json; charset=utf-8', 'cache-control': 'no-cache'})
2025-04-08 16:26:06,700 - DEBUG - Finished Request
2025-04-08 16:26:06,700 - INFO - Found 0 links at http://www.itsecgames.com/training.htm
2025-04-08 16:26:06,700 - DEBUG - Processing database operation: save_url
2025-04-08 16:26:06,701 - INFO - Found 0 forms at http://www.itsecgames.com/training.htm
2025-04-08 16:26:06,705 - DEBUG - http://localhost:60583 "GET /session/21b7007dbb563011f0085e8cfb5d7675/source HTTP/11" 200 0
2025-04-08 16:26:06,705 - WARNING - Connection pool is full, discarding connection: localhost. Connection pool size: 1
2025-04-08 16:26:06,706 - DEBUG - Remote response: status=200 | data={"value":"\u003Chtml>\u003Chead>\u003Cmeta name=\"color-scheme\" content=\"light dark\">\u003C/head>\u003Cbody>\u003Cpre style=\"word-wrap: break-word; white-space: pre-wrap;\">\n---------------------------------------------\nbWAPP &amp; bee-box - Overview of vulnerabilities\n---------------------------------------------\n\nAuthor\t\t\t\t: Malik Mesellem, @MME_IT\nDate\t\t\t\t: 2/11/2014\nbWAPP version\t\t\t: bWAPP v2.2\nbee-box version\t\t\t: bee-box v1.6\n\n--------------\nA1 - Injection\n--------------\nHTML Injection - Reflected (GET)\nHTML Injection - Reflected (POST)\nHTML Injection - Reflected (Current URL)\nHTML Injection - Stored (Blog)\niFrame Injection\nLDAP Injection (Search)\nMail Header Injection (SMTP)\nOS Command Injection\nOS Command Injection - Blind\nPHP Code Injection\nServer-Side Includes (SSI) Injection\nSQL Injection (GET/Search)\nSQL Injection (GET/Select)\nSQL Injection (POST/Search)\nSQL Injection (POST/Select)\nSQL Injection (AJAX/JSON/jQuery)\nSQL Injection (CAPTCHA)\nSQL Injection (Login Form/Hero)\nSQL Injection (Login Form/User)\nSQL Injection (SQLite)\nSQL Injection (Drupal)\nSQL Injection - Stored (Blog)\nSQL Injection - Stored (SQLite)\nSQL Injection - Stored (User-Agent)\nSQL Injection - Stored (XML)\nSQL Injection - Blind - Boolean-Based\nSQL Injection - Blind - Time-Based\nSQL Injection - Blind (SQLite)\nSQL Injection - Blind (Web Services/SOAP)\nXML/XPath Injection (Login Form)\nXML/XPath Injection (Search)\n\n-----------------------------------------------\nA2 - Broken Authentication &amp; Session Management\n-----------------------------------------------\nBroken Authentication - CAPTCHA Bypassing\nBroken Authentication - Forgotten Function\nBroken Authentication - Insecure Login Forms\nBroken Authentication - Logout Management\nBroken Authentication - Password Attacks\nBroken Authentication - Weak Passwords\nSession Management - Administrative Portals\nSession Management - Cookies (HTTPOnly)\nSession Management - Cookies (Secure)\nSession Management - Session ID in URL\nSession Management - Strong Sessions\n\n-------------------------------\nA3 - Cross-Site Scripting (XSS)\n-------------------------------\nCross-Site Scripting - Reflected (GET)\nCross-Site Scripting - Reflected (POST)\nCross-Site Scripting - Reflected (JSON)\nCross-Site Scripting - Reflected (AJAX/JSON)\nCross-Site Scripting - Reflected (AJAX/XML)\nCross-Site Scripting - Reflected (Back Button)\nCross-Site Scripting - Reflected (Custom Header)\nCross-Site Scripting - Reflected (Eval)\nCross-Site Scripting - Reflected (HREF)\nCross-Site Scripting - Reflected (Login Form)\nCross-Site Scripting - Reflected (phpMyAdmin)\nCross-Site Scripting - Reflected (PHP_SELF)\nCross-Site Scripting - Reflected (Referer)\nCross-Site Scripting - Reflected (User-Agent)\nCross-Site Scripting - Stored (Blog)\nCross-Site Scripting - Stored (Change Secret)\nCross-Site Scripting - Stored (Cookies)\nCross-Site Scripting - Stored (SQLiteManager)\nCross-Site Scripting - Stored (User-Agent)\n\n--------------------------------------\nA4 - Insecure Direct Object References\n--------------------------------------\nInsecure DOR (Change Secret)\nInsecure DOR (Reset Secret)\nInsecure DOR (Order Tickets)\n\n------------------------------\nA5 - Security Misconfiguration\n------------------------------\nArbitrary File Access (Samba)\nCross-Domain Policy File (Flash)\nCross-Origin Resource Sharing (AJAX)\nCross-Site Tracing (XST)\nDenial-of-Service (Large Chunk Size)\nDenial-of-Service (Slow HTTP DoS)\nDenial-of-Service (SSL-Exhaustion)\nDenial-of-Service (XML Bomb)\nInsecure DistCC Configuration\nInsecure FTP Configuration\nInsecure NTP Configuration\nInsecure SNMP Configuration\nInsecure VNC Configuration\nInsecure WebDAV Configuration\nLocal Privilege Escalation (sendpage)\nLocal Privilege Escalation (udev)\nMan-in-the-Middle Attack (HTTP)\nMan-in-the-Middle Attack (SMTP)\nOld/Backup &amp; Unreferenced Files\nRobots File (Disclosure)\n\n----------------------------\nA6 - Sensitive Data Exposure\n----------------------------\nBase64 Encoding (Secret)\nBEAST/CRIME/BREACH SSL Attacks\nClear Text HTTP (Credentials)\nHeartbleed Vulnerability\nHost Header Attack (Reset Poisoning)\nHTML5 Web Storage (Secret)\nPOODLE Vulnerability\nSSL 2.0 Deprecated Protocol\nText Files (Accounts)\n\n--------------------------------------------\nA7 - Missing Functional Level Access Control\n--------------------------------------------\nDirectory Traversal - Directories\nDirectory Traversal - Files\nHost Header Attack (Cache Poisoning)\nHost Header Attack (Reset Poisoning)\nLocal File Inclusion (SQLiteManager)\nRemote &amp; Local File Inclusion (RFI/LFI)\nRestrict Device Access\nRestrict Folder Access\nServer Side Request Forgery (SSRF)\nXML External Entity Attacks (XXE)\n\n--------------------------------------\nA8 - Cross-Site Request Forgery (CSRF)\n--------------------------------------\nCross-Site Request Forgery (Change Password)\nCross-Site Request Forgery (Change Secret)\nCross-Site Request Forgery (Transfer Amount)\n\n--------------------------------------\nA9 - Using Known Vulnerable Components\n--------------------------------------\nBuffer Overflow (Local)\nBuffer Overflow (Remote)\nDrupal SQL Injection (Drupageddon)\nHeartbleed Vulnerability\nPHP CGI Remote Code Execution\nPHP Eval Function\nphpMyAdmin BBCode Tag XSS\nShellshock Vulnerability\nSQLiteManager Local File Inclusion\nSQLiteManager PHP Code Injection\nSQLiteManager XSS\n\n--------------------------------------\nA10 - Unvalidated Redirects &amp; Forwards\n--------------------------------------\nUnvalidated Redirects &amp; Forwards (1)\nUnvalidated Redirects &amp; Forwards (2)\n\n----------\nOther bugs\n----------\nClickJacking (Movie Tickets)\nClient-Side Validation (Password)\nHTTP Parameter Pollution\nHTTP Response Splitting\nHTTP Verb Tampering\nInformation Disclosure - Favicon\nInformation Disclosure - Headers\nInformation Disclosure - PHP version\nInformation Disclosure - Robots File\nInsecure iFrame (Login Form)\nUnrestricted File Upload\n\n------\nExtras\n------\nA.I.M. - No-authentication Mode\nClient Access Policy File\nCross-Domain Policy File\nEvil 666 Fuzzing Page\nHidden Backdoor File\nManual Intervention Required!\nUnprotected Admin Portal\nWe Steal Secrets... (html)\nWe Steal Secrets... (plain)\nWSDL File (Web Services/SOAP)\n\u003C/pre>\u003C/body>\u003C/html>"} | headers=HTTPHeaderDict({'Content-Length': '6418', 'Content-Type': 'application/json; charset=utf-8', 'cache-control': 'no-cache'})
2025-04-08 16:26:06,706 - DEBUG - Finished Request
2025-04-08 16:26:06,706 - INFO - Found 0 links at http://www.itsecgames.com/download.htm
2025-04-08 16:26:06,707 - DEBUG - Processing database operation: save_url
2025-04-08 16:26:06,707 - INFO - Found 0 forms at http://www.itsecgames.com/download.htm
2025-04-08 16:26:06,709 - DEBUG - http://localhost:60583 "GET /session/21b7007dbb563011f0085e8cfb5d7675/source HTTP/11" 200 0
2025-04-08 16:26:06,709 - WARNING - Connection pool is full, discarding connection: localhost. Connection pool size: 1
2025-04-08 16:26:06,709 - DEBUG - Remote response: status=200 | data={"value":"\u003Chtml>\u003Chead>\u003Cmeta name=\"color-scheme\" content=\"light dark\">\u003C/head>\u003Cbody>\u003Cpre style=\"word-wrap: break-word; white-space: pre-wrap;\">\n---------------------------------------------\nbWAPP &amp; bee-box - Overview of vulnerabilities\n---------------------------------------------\n\nAuthor\t\t\t\t: Malik Mesellem, @MME_IT\nDate\t\t\t\t: 2/11/2014\nbWAPP version\t\t\t: bWAPP v2.2\nbee-box version\t\t\t: bee-box v1.6\n\n--------------\nA1 - Injection\n--------------\nHTML Injection - Reflected (GET)\nHTML Injection - Reflected (POST)\nHTML Injection - Reflected (Current URL)\nHTML Injection - Stored (Blog)\niFrame Injection\nLDAP Injection (Search)\nMail Header Injection (SMTP)\nOS Command Injection\nOS Command Injection - Blind\nPHP Code Injection\nServer-Side Includes (SSI) Injection\nSQL Injection (GET/Search)\nSQL Injection (GET/Select)\nSQL Injection (POST/Search)\nSQL Injection (POST/Select)\nSQL Injection (AJAX/JSON/jQuery)\nSQL Injection (CAPTCHA)\nSQL Injection (Login Form/Hero)\nSQL Injection (Login Form/User)\nSQL Injection (SQLite)\nSQL Injection (Drupal)\nSQL Injection - Stored (Blog)\nSQL Injection - Stored (SQLite)\nSQL Injection - Stored (User-Agent)\nSQL Injection - Stored (XML)\nSQL Injection - Blind - Boolean-Based\nSQL Injection - Blind - Time-Based\nSQL Injection - Blind (SQLite)\nSQL Injection - Blind (Web Services/SOAP)\nXML/XPath Injection (Login Form)\nXML/XPath Injection (Search)\n\n-----------------------------------------------\nA2 - Broken Authentication &amp; Session Management\n-----------------------------------------------\nBroken Authentication - CAPTCHA Bypassing\nBroken Authentication - Forgotten Function\nBroken Authentication - Insecure Login Forms\nBroken Authentication - Logout Management\nBroken Authentication - Password Attacks\nBroken Authentication - Weak Passwords\nSession Management - Administrative Portals\nSession Management - Cookies (HTTPOnly)\nSession Management - Cookies (Secure)\nSession Management - Session ID in URL\nSession Management - Strong Sessions\n\n-------------------------------\nA3 - Cross-Site Scripting (XSS)\n-------------------------------\nCross-Site Scripting - Reflected (GET)\nCross-Site Scripting - Reflected (POST)\nCross-Site Scripting - Reflected (JSON)\nCross-Site Scripting - Reflected (AJAX/JSON)\nCross-Site Scripting - Reflected (AJAX/XML)\nCross-Site Scripting - Reflected (Back Button)\nCross-Site Scripting - Reflected (Custom Header)\nCross-Site Scripting - Reflected (Eval)\nCross-Site Scripting - Reflected (HREF)\nCross-Site Scripting - Reflected (Login Form)\nCross-Site Scripting - Reflected (phpMyAdmin)\nCross-Site Scripting - Reflected (PHP_SELF)\nCross-Site Scripting - Reflected (Referer)\nCross-Site Scripting - Reflected (User-Agent)\nCross-Site Scripting - Stored (Blog)\nCross-Site Scripting - Stored (Change Secret)\nCross-Site Scripting - Stored (Cookies)\nCross-Site Scripting - Stored (SQLiteManager)\nCross-Site Scripting - Stored (User-Agent)\n\n--------------------------------------\nA4 - Insecure Direct Object References\n--------------------------------------\nInsecure DOR (Change Secret)\nInsecure DOR (Reset Secret)\nInsecure DOR (Order Tickets)\n\n------------------------------\nA5 - Security Misconfiguration\n------------------------------\nArbitrary File Access (Samba)\nCross-Domain Policy File (Flash)\nCross-Origin Resource Sharing (AJAX)\nCross-Site Tracing (XST)\nDenial-of-Service (Large Chunk Size)\nDenial-of-Service (Slow HTTP DoS)\nDenial-of-Service (SSL-Exhaustion)\nDenial-of-Service (XML Bomb)\nInsecure DistCC Configuration\nInsecure FTP Configuration\nInsecure NTP Configuration\nInsecure SNMP Configuration\nInsecure VNC Configuration\nInsecure WebDAV Configuration\nLocal Privilege Escalation (sendpage)\nLocal Privilege Escalation (udev)\nMan-in-the-Middle Attack (HTTP)\nMan-in-the-Middle Attack (SMTP)\nOld/Backup &amp; Unreferenced Files\nRobots File (Disclosure)\n\n----------------------------\nA6 - Sensitive Data Exposure\n----------------------------\nBase64 Encoding (Secret)\nBEAST/CRIME/BREACH SSL Attacks\nClear Text HTTP (Credentials)\nHeartbleed Vulnerability\nHost Header Attack (Reset Poisoning)\nHTML5 Web Storage (Secret)\nPOODLE Vulnerability\nSSL 2.0 Deprecated Protocol\nText Files (Accounts)\n\n--------------------------------------------\nA7 - Missing Functional Level Access Control\n--------------------------------------------\nDirectory Traversal - Directories\nDirectory Traversal - Files\nHost Header Attack (Cache Poisoning)\nHost Header Attack (Reset Poisoning)\nLocal File Inclusion (SQLiteManager)\nRemote &amp; Local File Inclusion (RFI/LFI)\nRestrict Device Access\nRestrict Folder Access\nServer Side Request Forgery (SSRF)\nXML External Entity Attacks (XXE)\n\n--------------------------------------\nA8 - Cross-Site Request Forgery (CSRF)\n--------------------------------------\nCross-Site Request Forgery (Change Password)\nCross-Site Request Forgery (Change Secret)\nCross-Site Request Forgery (Transfer Amount)\n\n--------------------------------------\nA9 - Using Known Vulnerable Components\n--------------------------------------\nBuffer Overflow (Local)\nBuffer Overflow (Remote)\nDrupal SQL Injection (Drupageddon)\nHeartbleed Vulnerability\nPHP CGI Remote Code Execution\nPHP Eval Function\nphpMyAdmin BBCode Tag XSS\nShellshock Vulnerability\nSQLiteManager Local File Inclusion\nSQLiteManager PHP Code Injection\nSQLiteManager XSS\n\n--------------------------------------\nA10 - Unvalidated Redirects &amp; Forwards\n--------------------------------------\nUnvalidated Redirects &amp; Forwards (1)\nUnvalidated Redirects &amp; Forwards (2)\n\n----------\nOther bugs\n----------\nClickJacking (Movie Tickets)\nClient-Side Validation (Password)\nHTTP Parameter Pollution\nHTTP Response Splitting\nHTTP Verb Tampering\nInformation Disclosure - Favicon\nInformation Disclosure - Headers\nInformation Disclosure - PHP version\nInformation Disclosure - Robots File\nInsecure iFrame (Login Form)\nUnrestricted File Upload\n\n------\nExtras\n------\nA.I.M. - No-authentication Mode\nClient Access Policy File\nCross-Domain Policy File\nEvil 666 Fuzzing Page\nHidden Backdoor File\nManual Intervention Required!\nUnprotected Admin Portal\nWe Steal Secrets... (html)\nWe Steal Secrets... (plain)\nWSDL File (Web Services/SOAP)\n\u003C/pre>\u003C/body>\u003C/html>"} | headers=HTTPHeaderDict({'Content-Length': '6418', 'Content-Type': 'application/json; charset=utf-8', 'cache-control': 'no-cache'})
2025-04-08 16:26:06,709 - DEBUG - Finished Request
2025-04-08 16:26:06,710 - INFO - Found 0 links at http://www.itsecgames.com/downloads/vulnerabilities.txt
2025-04-08 16:26:06,710 - DEBUG - Processing database operation: save_url
2025-04-08 16:26:06,710 - INFO - Found 0 forms at http://www.itsecgames.com/downloads/vulnerabilities.txt
2025-04-08 16:26:08,173 - INFO - Found 0 forms at http://www.itsecgames.com/
2025-04-08 16:26:08,755 - INFO - Iteration 1/100 completed. Checking for updates...
2025-04-08 16:26:08,755 - DEBUG - Configuration file not found. Skipping updates.
2025-04-08 16:26:18,759 - DEBUG - Skipping URL: http://www.itsecgames.com/ (already visited or max depth reached)
2025-04-08 16:26:18,759 - INFO - Iteration 2/100 completed. Checking for updates...
2025-04-08 16:26:18,759 - DEBUG - Configuration file not found. Skipping updates.
2025-04-08 16:26:28,769 - DEBUG - Skipping URL: http://www.itsecgames.com/ (already visited or max depth reached)
2025-04-08 16:26:28,770 - INFO - Iteration 3/100 completed. Checking for updates...
2025-04-08 16:26:28,770 - DEBUG - Configuration file not found. Skipping updates.
2025-04-08 16:26:38,781 - DEBUG - Skipping URL: http://www.itsecgames.com/ (already visited or max depth reached)
2025-04-08 16:26:38,782 - INFO - Iteration 4/100 completed. Checking for updates...
2025-04-08 16:26:38,782 - DEBUG - Configuration file not found. Skipping updates.
2025-04-08 16:26:39,956 - INFO - Received shutdown signal. Shutting down gracefully...
2025-04-08 16:26:39,956 - INFO - KeyboardInterrupt detected. Shutting down gracefully...
2025-04-08 16:26:39,957 - INFO - Shutting down crawler and cleaning up resources...
2025-04-08 16:26:39,959 - INFO - Closing crawler resources...
2025-04-08 16:26:40,446 - INFO - Received shutdown signal. Shutting down gracefully...
